<?xml version="1.0" encoding="UTF-8"?>
<testsuite xmlns:xsi="http://www.w3.org/2001/XMLSchema-instance" xsi:noNamespaceSchemaLocation="https://maven.apache.org/surefire/maven-surefire-plugin/xsd/surefire-test-report-3.0.xsd" version="3.0" name="se.skillytaire.belastingdienst.ee.entity.BootTest" time="1.459" tests="181" errors="0" skipped="0" failures="0">
  <properties>
[...]
</properties>
  <testcase name="getEigenaar" classname="se.skillytaire.belastingdienst.ee.entity.BootTest" time="0"/>
  <testcase name="getEigenaar" classname="se.skillytaire.belastingdienst.ee.entity.BootTest" time="0"/>
  <testcase name="getEigenaar" classname="se.skillytaire.belastingdienst.ee.entity.BootTest" time="0"/>
  <testcase name="getEigenaar" classname="se.skillytaire.belastingdienst.ee.entity.BootTest" time="0"/>
  <testcase name="getEigenaar" classname="se.skillytaire.belastingdienst.ee.entity.BootTest" time="0"/>
  <testcase name="getEigenaar" classname="se.skillytaire.belastingdienst.ee.entity.BootTest" time="0"/>
  <testcase name="getEigenaar" classname="se.skillytaire.belastingdienst.ee.entity.BootTest" time="0"/>
  <testcase name="getEigenaar" classname="se.skillytaire.belastingdienst.ee.entity.BootTest" time="0"/>
  <testcase name="getOid" classname="se.skillytaire.belastingdienst.ee.entity.BootTest" time="0"/>
  <testcase name="getOid" classname="se.skillytaire.belastingdienst.ee.entity.BootTest" time="0"/>
  <testcase name="getOid" classname="se.skillytaire.belastingdienst.ee.entity.BootTest" time="0"/>
  <testcase name="getOid" classname="se.skillytaire.belastingdienst.ee.entity.BootTest" time="0"/>
  <testcase name="getOid" classname="se.skillytaire.belastingdienst.ee.entity.BootTest" time="0"/>
  <testcase name="getOid" classname="se.skillytaire.belastingdienst.ee.entity.BootTest" time="0"/>
  <testcase name="getOid" classname="se.skillytaire.belastingdienst.ee.entity.BootTest" time="0"/>
  <testcase name="getOid" classname="se.skillytaire.belastingdienst.ee.entity.BootTest" time="0"/>
  <testcase name="reflective" classname="se.skillytaire.belastingdienst.ee.entity.BootTest" time="0"/>
  <testcase name="reflective" classname="se.skillytaire.belastingdienst.ee.entity.BootTest" time="0"/>
  <testcase name="reflective" classname="se.skillytaire.belastingdienst.ee.entity.BootTest" time="0"/>
  <testcase name="reflective" classname="se.skillytaire.belastingdienst.ee.entity.BootTest" time="0"/>
  <testcase name="symmetric" classname="se.skillytaire.belastingdienst.ee.entity.BootTest" time="0"/>
  <testcase name="symmetric" classname="se.skillytaire.belastingdienst.ee.entity.BootTest" time="0"/>
  <testcase name="symmetric" classname="se.skillytaire.belastingdienst.ee.entity.BootTest" time="0"/>
  <testcase name="symmetric" classname="se.skillytaire.belastingdienst.ee.entity.BootTest" time="0"/>
  <testcase name="notSymmetric" classname="se.skillytaire.belastingdienst.ee.entity.BootTest" time="0"/>
  <testcase name="notSymmetric" classname="se.skillytaire.belastingdienst.ee.entity.BootTest" time="0"/>
  <testcase name="notSymmetric" classname="se.skillytaire.belastingdienst.ee.entity.BootTest" time="0"/>
  <testcase name="notSymmetric" classname="se.skillytaire.belastingdienst.ee.entity.BootTest" time="0.093"/>
  <testcase name="transitive" classname="se.skillytaire.belastingdienst.ee.entity.BootTest" time="0"/>
  <testcase name="transitive" classname="se.skillytaire.belastingdienst.ee.entity.BootTest" time="0"/>
  <testcase name="transitive" classname="se.skillytaire.belastingdienst.ee.entity.BootTest" time="0"/>
  <testcase name="transitive" classname="se.skillytaire.belastingdienst.ee.entity.BootTest" time="0.203"/>
  <testcase name="same" classname="se.skillytaire.belastingdienst.ee.entity.BootTest" time="0"/>
  <testcase name="same" classname="se.skillytaire.belastingdienst.ee.entity.BootTest" time="0"/>
  <testcase name="same" classname="se.skillytaire.belastingdienst.ee.entity.BootTest" time="0"/>
  <testcase name="same" classname="se.skillytaire.belastingdienst.ee.entity.BootTest" time="0.032"/>
  <testcase name="notSame" classname="se.skillytaire.belastingdienst.ee.entity.BootTest" time="0"/>
  <testcase name="notSame" classname="se.skillytaire.belastingdienst.ee.entity.BootTest" time="0"/>
  <testcase name="notSame" classname="se.skillytaire.belastingdienst.ee.entity.BootTest" time="0"/>
  <testcase name="notSame" classname="se.skillytaire.belastingdienst.ee.entity.BootTest" time="0.031"/>
  <testcase name="nullable" classname="se.skillytaire.belastingdienst.ee.entity.BootTest" time="0"/>
  <testcase name="nullable" classname="se.skillytaire.belastingdienst.ee.entity.BootTest" time="0"/>
  <testcase name="nullable" classname="se.skillytaire.belastingdienst.ee.entity.BootTest" time="0"/>
  <testcase name="nullable" classname="se.skillytaire.belastingdienst.ee.entity.BootTest" time="0.016"/>
  <testcase name="otherType" classname="se.skillytaire.belastingdienst.ee.entity.BootTest" time="0"/>
  <testcase name="otherType" classname="se.skillytaire.belastingdienst.ee.entity.BootTest" time="0"/>
  <testcase name="otherType" classname="se.skillytaire.belastingdienst.ee.entity.BootTest" time="0"/>
  <testcase name="otherType" classname="se.skillytaire.belastingdienst.ee.entity.BootTest" time="0.015"/>
  <testcase name="overrideHashCode" classname="se.skillytaire.belastingdienst.ee.entity.BootTest" time="0"/>
  <testcase name="overrideHashCode" classname="se.skillytaire.belastingdienst.ee.entity.BootTest" time="0"/>
  <testcase name="overrideHashCode" classname="se.skillytaire.belastingdienst.ee.entity.BootTest" time="0"/>
  <testcase name="overrideHashCode" classname="se.skillytaire.belastingdienst.ee.entity.BootTest" time="0.016"/>
  <testcase name="overrideToString" classname="se.skillytaire.belastingdienst.ee.entity.BootTest" time="0"/>
  <testcase name="overrideToString" classname="se.skillytaire.belastingdienst.ee.entity.BootTest" time="0"/>
  <testcase name="overrideToString" classname="se.skillytaire.belastingdienst.ee.entity.BootTest" time="0"/>
  <testcase name="overrideToString" classname="se.skillytaire.belastingdienst.ee.entity.BootTest" time="0.015"/>
  <testcase name="hashCodeEqualsContract" classname="se.skillytaire.belastingdienst.ee.entity.BootTest" time="0"/>
  <testcase name="hashCodeEqualsContract" classname="se.skillytaire.belastingdienst.ee.entity.BootTest" time="0"/>
  <testcase name="hashCodeEqualsContract" classname="se.skillytaire.belastingdienst.ee.entity.BootTest" time="0"/>
  <testcase name="hashCodeEqualsContract" classname="se.skillytaire.belastingdienst.ee.entity.BootTest" time="0.032"/>
  <testcase name="equalsCompareToContractSame" classname="se.skillytaire.belastingdienst.ee.entity.BootTest" time="0"/>
  <testcase name="equalsCompareToContractSame" classname="se.skillytaire.belastingdienst.ee.entity.BootTest" time="0"/>
  <testcase name="equalsCompareToContractSame" classname="se.skillytaire.belastingdienst.ee.entity.BootTest" time="0"/>
  <testcase name="equalsCompareToContractSame" classname="se.skillytaire.belastingdienst.ee.entity.BootTest" time="0.031"/>
  <testcase name="equalsCompareToContractNotSame" classname="se.skillytaire.belastingdienst.ee.entity.BootTest" time="0"/>
  <testcase name="equalsCompareToContractNotSame" classname="se.skillytaire.belastingdienst.ee.entity.BootTest" time="0"/>
  <testcase name="equalsCompareToContractNotSame" classname="se.skillytaire.belastingdienst.ee.entity.BootTest" time="0"/>
  <testcase name="equalsCompareToContractNotSame" classname="se.skillytaire.belastingdienst.ee.entity.BootTest" time="0.031"/>
  <testcase name="compareToNull" classname="se.skillytaire.belastingdienst.ee.entity.BootTest" time="0"/>
  <testcase name="compareToNull" classname="se.skillytaire.belastingdienst.ee.entity.BootTest" time="0"/>
  <testcase name="compareToNull" classname="se.skillytaire.belastingdienst.ee.entity.BootTest" time="0"/>
  <testcase name="compareToNull" classname="se.skillytaire.belastingdienst.ee.entity.BootTest" time="0"/>
  <testcase name="compareToSameReference" classname="se.skillytaire.belastingdienst.ee.entity.BootTest" time="0"/>
  <testcase name="compareToSameReference" classname="se.skillytaire.belastingdienst.ee.entity.BootTest" time="0"/>
  <testcase name="compareToSameReference" classname="se.skillytaire.belastingdienst.ee.entity.BootTest" time="0"/>
  <testcase name="compareToSameReference" classname="se.skillytaire.belastingdienst.ee.entity.BootTest" time="0.016"/>
  <testcase name="compareToSame" classname="se.skillytaire.belastingdienst.ee.entity.BootTest" time="0"/>
  <testcase name="compareToSame" classname="se.skillytaire.belastingdienst.ee.entity.BootTest" time="0"/>
  <testcase name="compareToSame" classname="se.skillytaire.belastingdienst.ee.entity.BootTest" time="0"/>
  <testcase name="compareToSame" classname="se.skillytaire.belastingdienst.ee.entity.BootTest" time="0"/>
  <testcase name="compareToSame" classname="se.skillytaire.belastingdienst.ee.entity.BootTest" time="0"/>
  <testcase name="compareToSame" classname="se.skillytaire.belastingdienst.ee.entity.BootTest" time="0"/>
  <testcase name="compareToSame" classname="se.skillytaire.belastingdienst.ee.entity.BootTest" time="0.015"/>
  <testcase name="compareToSame" classname="se.skillytaire.belastingdienst.ee.entity.BootTest" time="0.032"/>
  <testcase name="compareToNotSame" classname="se.skillytaire.belastingdienst.ee.entity.BootTest" time="0"/>
  <testcase name="compareToNotSame" classname="se.skillytaire.belastingdienst.ee.entity.BootTest" time="0"/>
  <testcase name="compareToNotSame" classname="se.skillytaire.belastingdienst.ee.entity.BootTest" time="0"/>
  <testcase name="compareToNotSame" classname="se.skillytaire.belastingdienst.ee.entity.BootTest" time="0.047"/>
  <testcase name="compareToNotSameSymmetric" classname="se.skillytaire.belastingdienst.ee.entity.BootTest" time="0"/>
  <testcase name="compareToNotSameSymmetric" classname="se.skillytaire.belastingdienst.ee.entity.BootTest" time="0"/>
  <testcase name="compareToNotSameSymmetric" classname="se.skillytaire.belastingdienst.ee.entity.BootTest" time="0"/>
  <testcase name="compareToNotSameSymmetric" classname="se.skillytaire.belastingdienst.ee.entity.BootTest" time="0.109"/>
  <testcase name="compareGreater" classname="se.skillytaire.belastingdienst.ee.entity.BootTest" time="0"/>
  <testcase name="compareGreater" classname="se.skillytaire.belastingdienst.ee.entity.BootTest" time="0"/>
  <testcase name="compareGreater" classname="se.skillytaire.belastingdienst.ee.entity.BootTest" time="0"/>
  <testcase name="compareGreater" classname="se.skillytaire.belastingdienst.ee.entity.BootTest" time="0.047"/>
  <testcase name="compareLess" classname="se.skillytaire.belastingdienst.ee.entity.BootTest" time="0"/>
  <testcase name="compareLess" classname="se.skillytaire.belastingdienst.ee.entity.BootTest" time="0"/>
  <testcase name="compareLess" classname="se.skillytaire.belastingdienst.ee.entity.BootTest" time="0"/>
  <testcase name="compareLess" classname="se.skillytaire.belastingdienst.ee.entity.BootTest" time="0.015"/>
  <testcase name="serializable" classname="se.skillytaire.belastingdienst.ee.entity.BootTest" time="0"/>
  <testcase name="serialVersionUID" classname="se.skillytaire.belastingdienst.ee.entity.BootTest" time="0"/>
  <testcase name="bootNummer equality" classname="se.skillytaire.belastingdienst.ee.entity.BootTest" time="0"/>
  <testcase name="bootNummer equality" classname="se.skillytaire.belastingdienst.ee.entity.BootTest" time="0"/>
  <testcase name="bootNummer equality" classname="se.skillytaire.belastingdienst.ee.entity.BootTest" time="0"/>
  <testcase name="bootNummer equality" classname="se.skillytaire.belastingdienst.ee.entity.BootTest" time="0"/>
  <testcase name="bootNummer equality" classname="se.skillytaire.belastingdienst.ee.entity.BootTest" time="0"/>
  <testcase name="bootNummer equality" classname="se.skillytaire.belastingdienst.ee.entity.BootTest" time="0"/>
  <testcase name="deLaatsteTocht equality" classname="se.skillytaire.belastingdienst.ee.entity.BootTest" time="0"/>
  <testcase name="deLaatsteTocht equality" classname="se.skillytaire.belastingdienst.ee.entity.BootTest" time="0"/>
  <testcase name="deLaatsteTocht equality" classname="se.skillytaire.belastingdienst.ee.entity.BootTest" time="0"/>
  <testcase name="deLaatsteTocht equality" classname="se.skillytaire.belastingdienst.ee.entity.BootTest" time="0"/>
  <testcase name="deLaatsteTocht equality" classname="se.skillytaire.belastingdienst.ee.entity.BootTest" time="0"/>
  <testcase name="deLaatsteTocht equality" classname="se.skillytaire.belastingdienst.ee.entity.BootTest" time="0"/>
  <testcase name="eigenaar equality" classname="se.skillytaire.belastingdienst.ee.entity.BootTest" time="0"/>
  <testcase name="eigenaar equality" classname="se.skillytaire.belastingdienst.ee.entity.BootTest" time="0"/>
  <testcase name="eigenaar equality" classname="se.skillytaire.belastingdienst.ee.entity.BootTest" time="0"/>
  <testcase name="eigenaar equality" classname="se.skillytaire.belastingdienst.ee.entity.BootTest" time="0"/>
  <testcase name="eigenaar equality" classname="se.skillytaire.belastingdienst.ee.entity.BootTest" time="0"/>
  <testcase name="eigenaar equality" classname="se.skillytaire.belastingdienst.ee.entity.BootTest" time="0"/>
  <testcase name="eigenaar equality" classname="se.skillytaire.belastingdienst.ee.entity.BootTest" time="0"/>
  <testcase name="eigenaar equality" classname="se.skillytaire.belastingdienst.ee.entity.BootTest" time="0"/>
  <testcase name="eigenaar equality" classname="se.skillytaire.belastingdienst.ee.entity.BootTest" time="0"/>
  <testcase name="eigenaar equality" classname="se.skillytaire.belastingdienst.ee.entity.BootTest" time="0"/>
  <testcase name="eigenaar equality" classname="se.skillytaire.belastingdienst.ee.entity.BootTest" time="0"/>
  <testcase name="eigenaar equality" classname="se.skillytaire.belastingdienst.ee.entity.BootTest" time="0"/>
  <testcase name="tochtGeschiedenis equality" classname="se.skillytaire.belastingdienst.ee.entity.BootTest" time="0"/>
  <testcase name="tochtGeschiedenis equality" classname="se.skillytaire.belastingdienst.ee.entity.BootTest" time="0"/>
  <testcase name="tochtGeschiedenis equality" classname="se.skillytaire.belastingdienst.ee.entity.BootTest" time="0"/>
  <testcase name="tochtGeschiedenis equality" classname="se.skillytaire.belastingdienst.ee.entity.BootTest" time="0"/>
  <testcase name="tochtGeschiedenis equality" classname="se.skillytaire.belastingdienst.ee.entity.BootTest" time="0"/>
  <testcase name="tochtGeschiedenis equality" classname="se.skillytaire.belastingdienst.ee.entity.BootTest" time="0"/>
  <testcase name="tochtGeschiedenis equality" classname="se.skillytaire.belastingdienst.ee.entity.BootTest" time="0"/>
  <testcase name="tochtGeschiedenis equality" classname="se.skillytaire.belastingdienst.ee.entity.BootTest" time="0"/>
  <testcase name="tochtGeschiedenis equality" classname="se.skillytaire.belastingdienst.ee.entity.BootTest" time="0"/>
  <testcase name="tochtGeschiedenis equality" classname="se.skillytaire.belastingdienst.ee.entity.BootTest" time="0"/>
  <testcase name="tochtGeschiedenis equality" classname="se.skillytaire.belastingdienst.ee.entity.BootTest" time="0"/>
  <testcase name="tochtGeschiedenis equality" classname="se.skillytaire.belastingdienst.ee.entity.BootTest" time="0"/>
  <testcase name="serialVersionUID equality" classname="se.skillytaire.belastingdienst.ee.entity.BootTest" time="0"/>
  <testcase name="serialVersionUID equality" classname="se.skillytaire.belastingdienst.ee.entity.BootTest" time="0"/>
  <testcase name="serialVersionUID equality" classname="se.skillytaire.belastingdienst.ee.entity.BootTest" time="0"/>
  <testcase name="serialVersionUID equality" classname="se.skillytaire.belastingdienst.ee.entity.BootTest" time="0"/>
  <testcase name="serialVersionUID equality" classname="se.skillytaire.belastingdienst.ee.entity.BootTest" time="0"/>
  <testcase name="serialVersionUID equality" classname="se.skillytaire.belastingdienst.ee.entity.BootTest" time="0"/>
  <testcase name="serialVersionUID equality" classname="se.skillytaire.belastingdienst.ee.entity.BootTest" time="0"/>
  <testcase name="serialVersionUID equality" classname="se.skillytaire.belastingdienst.ee.entity.BootTest" time="0"/>
  <testcase name="serialVersionUID equality" classname="se.skillytaire.belastingdienst.ee.entity.BootTest" time="0"/>
  <testcase name="INSPECTIEDUUR equality" classname="se.skillytaire.belastingdienst.ee.entity.BootTest" time="0"/>
  <testcase name="INSPECTIEDUUR equality" classname="se.skillytaire.belastingdienst.ee.entity.BootTest" time="0"/>
  <testcase name="INSPECTIEDUUR equality" classname="se.skillytaire.belastingdienst.ee.entity.BootTest" time="0"/>
  <testcase name="$jacocoData equality" classname="se.skillytaire.belastingdienst.ee.entity.BootTest" time="0"/>
  <testcase name="$jacocoData equality" classname="se.skillytaire.belastingdienst.ee.entity.BootTest" time="0"/>
  <testcase name="$jacocoData equality" classname="se.skillytaire.belastingdienst.ee.entity.BootTest" time="0"/>
  <testcase name="$jacocoData equality" classname="se.skillytaire.belastingdienst.ee.entity.BootTest" time="0"/>
  <testcase name="$jacocoData equality" classname="se.skillytaire.belastingdienst.ee.entity.BootTest" time="0"/>
  <testcase name="$jacocoData equality" classname="se.skillytaire.belastingdienst.ee.entity.BootTest" time="0"/>
  <testcase name="$jacocoData equality" classname="se.skillytaire.belastingdienst.ee.entity.BootTest" time="0"/>
  <testcase name="$jacocoData equality" classname="se.skillytaire.belastingdienst.ee.entity.BootTest" time="0"/>
  <testcase name="$jacocoData equality" classname="se.skillytaire.belastingdienst.ee.entity.BootTest" time="0"/>
  <testcase name="$jacocoData equality" classname="se.skillytaire.belastingdienst.ee.entity.BootTest" time="0"/>
  <testcase name="$jacocoData equality" classname="se.skillytaire.belastingdienst.ee.entity.BootTest" time="0"/>
  <testcase name="$jacocoData equality" classname="se.skillytaire.belastingdienst.ee.entity.BootTest" time="0"/>
  <testcase name="$jacocoData equality" classname="se.skillytaire.belastingdienst.ee.entity.BootTest" time="0"/>
  <testcase name="$jacocoData equality" classname="se.skillytaire.belastingdienst.ee.entity.BootTest" time="0"/>
  <testcase name="$jacocoData equality" classname="se.skillytaire.belastingdienst.ee.entity.BootTest" time="0"/>
  <testcase name="$jacocoData equality" classname="se.skillytaire.belastingdienst.ee.entity.BootTest" time="0"/>
  <testcase name="$jacocoData equality" classname="se.skillytaire.belastingdienst.ee.entity.BootTest" time="0"/>
  <testcase name="$jacocoData equality" classname="se.skillytaire.belastingdienst.ee.entity.BootTest" time="0"/>
  <testcase name="HASH_PRIME equality" classname="se.skillytaire.belastingdienst.ee.entity.BootTest" time="0"/>
  <testcase name="HASH_PRIME equality" classname="se.skillytaire.belastingdienst.ee.entity.BootTest" time="0"/>
  <testcase name="HASH_PRIME equality" classname="se.skillytaire.belastingdienst.ee.entity.BootTest" time="0"/>
  <testcase name="oid equality" classname="se.skillytaire.belastingdienst.ee.entity.BootTest" time="0"/>
  <testcase name="oid equality" classname="se.skillytaire.belastingdienst.ee.entity.BootTest" time="0"/>
  <testcase name="oid equality" classname="se.skillytaire.belastingdienst.ee.entity.BootTest" time="0"/>
  <testcase name="oid equality" classname="se.skillytaire.belastingdienst.ee.entity.BootTest" time="0"/>
  <testcase name="oid equality" classname="se.skillytaire.belastingdienst.ee.entity.BootTest" time="0"/>
  <testcase name="oid equality" classname="se.skillytaire.belastingdienst.ee.entity.BootTest" time="0"/>
  <testcase name="overrideClone" classname="se.skillytaire.belastingdienst.ee.entity.BootTest" time="0"/>
  <testcase name="copyConstructor" classname="se.skillytaire.belastingdienst.ee.entity.BootTest" time="0"/>
  <testcase name="noArgumentConstructorValidation" classname="se.skillytaire.belastingdienst.ee.entity.BootTest" time="0.016"/>
  <testcase name="Constructor Null check" classname="se.skillytaire.belastingdienst.ee.entity.BootTest" time="0.015"/>
</testsuite>