<?xml version="1.0" encoding="UTF-8"?>
<testsuite xmlns:xsi="http://www.w3.org/2001/XMLSchema-instance" xsi:noNamespaceSchemaLocation="https://maven.apache.org/surefire/maven-surefire-plugin/xsd/surefire-test-report-3.0.xsd" version="3.0" name="se.skillytaire.belastingdienst.ee.entity.AdresTest" time="11.464" tests="322" errors="1" skipped="0" failures="0">
  <properties>
[...]
</properties>
  <testcase name="getStreet" classname="se.skillytaire.belastingdienst.ee.entity.AdresTest" time="0.063"/>
  <testcase name="getStreet" classname="se.skillytaire.belastingdienst.ee.entity.AdresTest" time="0.015"/>
  <testcase name="getStreet" classname="se.skillytaire.belastingdienst.ee.entity.AdresTest" time="0"/>
  <testcase name="getStreet" classname="se.skillytaire.belastingdienst.ee.entity.AdresTest" time="0.015"/>
  <testcase name="getStreet" classname="se.skillytaire.belastingdienst.ee.entity.AdresTest" time="0"/>
  <testcase name="getStreet" classname="se.skillytaire.belastingdienst.ee.entity.AdresTest" time="0"/>
  <testcase name="getStreet" classname="se.skillytaire.belastingdienst.ee.entity.AdresTest" time="0.015"/>
  <testcase name="getStreet" classname="se.skillytaire.belastingdienst.ee.entity.AdresTest" time="0.016"/>
  <testcase name="setStreet" classname="se.skillytaire.belastingdienst.ee.entity.AdresTest" time="0.015"/>
  <testcase name="setStreet" classname="se.skillytaire.belastingdienst.ee.entity.AdresTest" time="0.016"/>
  <testcase name="setStreet" classname="se.skillytaire.belastingdienst.ee.entity.AdresTest" time="0.016"/>
  <testcase name="setStreet" classname="se.skillytaire.belastingdienst.ee.entity.AdresTest" time="0"/>
  <testcase name="setStreet" classname="se.skillytaire.belastingdienst.ee.entity.AdresTest" time="0.015"/>
  <testcase name="setStreet" classname="se.skillytaire.belastingdienst.ee.entity.AdresTest" time="0.016"/>
  <testcase name="setStreet" classname="se.skillytaire.belastingdienst.ee.entity.AdresTest" time="0"/>
  <testcase name="setStreet" classname="se.skillytaire.belastingdienst.ee.entity.AdresTest" time="0.031"/>
  <testcase name="getHouseNumber" classname="se.skillytaire.belastingdienst.ee.entity.AdresTest" time="0.016"/>
  <testcase name="getHouseNumber" classname="se.skillytaire.belastingdienst.ee.entity.AdresTest" time="0.015"/>
  <testcase name="getHouseNumber" classname="se.skillytaire.belastingdienst.ee.entity.AdresTest" time="0"/>
  <testcase name="getHouseNumber" classname="se.skillytaire.belastingdienst.ee.entity.AdresTest" time="0.016"/>
  <testcase name="getHouseNumber" classname="se.skillytaire.belastingdienst.ee.entity.AdresTest" time="0"/>
  <testcase name="getHouseNumber" classname="se.skillytaire.belastingdienst.ee.entity.AdresTest" time="0"/>
  <testcase name="getHouseNumber" classname="se.skillytaire.belastingdienst.ee.entity.AdresTest" time="0.016"/>
  <testcase name="getHouseNumber" classname="se.skillytaire.belastingdienst.ee.entity.AdresTest" time="0"/>
  <testcase name="setHouseNumber" classname="se.skillytaire.belastingdienst.ee.entity.AdresTest" time="0.015"/>
  <testcase name="setHouseNumber" classname="se.skillytaire.belastingdienst.ee.entity.AdresTest" time="0"/>
  <testcase name="setHouseNumber" classname="se.skillytaire.belastingdienst.ee.entity.AdresTest" time="0.015"/>
  <testcase name="setHouseNumber" classname="se.skillytaire.belastingdienst.ee.entity.AdresTest" time="0"/>
  <testcase name="setHouseNumber" classname="se.skillytaire.belastingdienst.ee.entity.AdresTest" time="0.016"/>
  <testcase name="setHouseNumber" classname="se.skillytaire.belastingdienst.ee.entity.AdresTest" time="0"/>
  <testcase name="setHouseNumber" classname="se.skillytaire.belastingdienst.ee.entity.AdresTest" time="0"/>
  <testcase name="setHouseNumber" classname="se.skillytaire.belastingdienst.ee.entity.AdresTest" time="0.031"/>
  <testcase name="getNumberSuffix" classname="se.skillytaire.belastingdienst.ee.entity.AdresTest" time="0"/>
  <testcase name="getNumberSuffix" classname="se.skillytaire.belastingdienst.ee.entity.AdresTest" time="0"/>
  <testcase name="getNumberSuffix" classname="se.skillytaire.belastingdienst.ee.entity.AdresTest" time="0"/>
  <testcase name="getNumberSuffix" classname="se.skillytaire.belastingdienst.ee.entity.AdresTest" time="0.016"/>
  <testcase name="getNumberSuffix" classname="se.skillytaire.belastingdienst.ee.entity.AdresTest" time="0"/>
  <testcase name="getNumberSuffix" classname="se.skillytaire.belastingdienst.ee.entity.AdresTest" time="0"/>
  <testcase name="getNumberSuffix" classname="se.skillytaire.belastingdienst.ee.entity.AdresTest" time="0"/>
  <testcase name="getNumberSuffix" classname="se.skillytaire.belastingdienst.ee.entity.AdresTest" time="0"/>
  <testcase name="setNumberSuffix" classname="se.skillytaire.belastingdienst.ee.entity.AdresTest" time="0"/>
  <testcase name="setNumberSuffix" classname="se.skillytaire.belastingdienst.ee.entity.AdresTest" time="0.016"/>
  <testcase name="setNumberSuffix" classname="se.skillytaire.belastingdienst.ee.entity.AdresTest" time="0"/>
  <testcase name="setNumberSuffix" classname="se.skillytaire.belastingdienst.ee.entity.AdresTest" time="0"/>
  <testcase name="setNumberSuffix" classname="se.skillytaire.belastingdienst.ee.entity.AdresTest" time="0"/>
  <testcase name="setNumberSuffix" classname="se.skillytaire.belastingdienst.ee.entity.AdresTest" time="0.015"/>
  <testcase name="setNumberSuffix" classname="se.skillytaire.belastingdienst.ee.entity.AdresTest" time="0"/>
  <testcase name="setNumberSuffix" classname="se.skillytaire.belastingdienst.ee.entity.AdresTest" time="0"/>
  <testcase name="getCity" classname="se.skillytaire.belastingdienst.ee.entity.AdresTest" time="0.016"/>
  <testcase name="getCity" classname="se.skillytaire.belastingdienst.ee.entity.AdresTest" time="0"/>
  <testcase name="getCity" classname="se.skillytaire.belastingdienst.ee.entity.AdresTest" time="0.016"/>
  <testcase name="getCity" classname="se.skillytaire.belastingdienst.ee.entity.AdresTest" time="0"/>
  <testcase name="getCity" classname="se.skillytaire.belastingdienst.ee.entity.AdresTest" time="0.016"/>
  <testcase name="getCity" classname="se.skillytaire.belastingdienst.ee.entity.AdresTest" time="0"/>
  <testcase name="getCity" classname="se.skillytaire.belastingdienst.ee.entity.AdresTest" time="0.016"/>
  <testcase name="getCity" classname="se.skillytaire.belastingdienst.ee.entity.AdresTest" time="0"/>
  <testcase name="setCity" classname="se.skillytaire.belastingdienst.ee.entity.AdresTest" time="0.016"/>
  <testcase name="setCity" classname="se.skillytaire.belastingdienst.ee.entity.AdresTest" time="0.016"/>
  <testcase name="setCity" classname="se.skillytaire.belastingdienst.ee.entity.AdresTest" time="0"/>
  <testcase name="setCity" classname="se.skillytaire.belastingdienst.ee.entity.AdresTest" time="0.015"/>
  <testcase name="setCity" classname="se.skillytaire.belastingdienst.ee.entity.AdresTest" time="0"/>
  <testcase name="setCity" classname="se.skillytaire.belastingdienst.ee.entity.AdresTest" time="0"/>
  <testcase name="setCity" classname="se.skillytaire.belastingdienst.ee.entity.AdresTest" time="0.016"/>
  <testcase name="setCity" classname="se.skillytaire.belastingdienst.ee.entity.AdresTest" time="0"/>
  <testcase name="getState" classname="se.skillytaire.belastingdienst.ee.entity.AdresTest" time="0"/>
  <testcase name="getState" classname="se.skillytaire.belastingdienst.ee.entity.AdresTest" time="0"/>
  <testcase name="getState" classname="se.skillytaire.belastingdienst.ee.entity.AdresTest" time="0"/>
  <testcase name="getState" classname="se.skillytaire.belastingdienst.ee.entity.AdresTest" time="0"/>
  <testcase name="getState" classname="se.skillytaire.belastingdienst.ee.entity.AdresTest" time="0.015"/>
  <testcase name="getState" classname="se.skillytaire.belastingdienst.ee.entity.AdresTest" time="0.016"/>
  <testcase name="getState" classname="se.skillytaire.belastingdienst.ee.entity.AdresTest" time="0.062"/>
  <testcase name="getState" classname="se.skillytaire.belastingdienst.ee.entity.AdresTest" time="0.016"/>
  <testcase name="setState" classname="se.skillytaire.belastingdienst.ee.entity.AdresTest" time="0.015"/>
  <testcase name="setState" classname="se.skillytaire.belastingdienst.ee.entity.AdresTest" time="0.015"/>
  <testcase name="setState" classname="se.skillytaire.belastingdienst.ee.entity.AdresTest" time="0"/>
  <testcase name="setState" classname="se.skillytaire.belastingdienst.ee.entity.AdresTest" time="0"/>
  <testcase name="setState" classname="se.skillytaire.belastingdienst.ee.entity.AdresTest" time="0"/>
  <testcase name="setState" classname="se.skillytaire.belastingdienst.ee.entity.AdresTest" time="0.016"/>
  <testcase name="setState" classname="se.skillytaire.belastingdienst.ee.entity.AdresTest" time="0.016"/>
  <testcase name="setState" classname="se.skillytaire.belastingdienst.ee.entity.AdresTest" time="0"/>
  <testcase name="getPostalCode" classname="se.skillytaire.belastingdienst.ee.entity.AdresTest" time="0.016"/>
  <testcase name="getPostalCode" classname="se.skillytaire.belastingdienst.ee.entity.AdresTest" time="0"/>
  <testcase name="getPostalCode" classname="se.skillytaire.belastingdienst.ee.entity.AdresTest" time="0"/>
  <testcase name="getPostalCode" classname="se.skillytaire.belastingdienst.ee.entity.AdresTest" time="0.016"/>
  <testcase name="getPostalCode" classname="se.skillytaire.belastingdienst.ee.entity.AdresTest" time="0"/>
  <testcase name="getPostalCode" classname="se.skillytaire.belastingdienst.ee.entity.AdresTest" time="0.015"/>
  <testcase name="getPostalCode" classname="se.skillytaire.belastingdienst.ee.entity.AdresTest" time="0"/>
  <testcase name="getPostalCode" classname="se.skillytaire.belastingdienst.ee.entity.AdresTest" time="0"/>
  <testcase name="setPostalCode" classname="se.skillytaire.belastingdienst.ee.entity.AdresTest" time="0"/>
  <testcase name="setPostalCode" classname="se.skillytaire.belastingdienst.ee.entity.AdresTest" time="0.016"/>
  <testcase name="setPostalCode" classname="se.skillytaire.belastingdienst.ee.entity.AdresTest" time="0.015"/>
  <testcase name="setPostalCode" classname="se.skillytaire.belastingdienst.ee.entity.AdresTest" time="0"/>
  <testcase name="setPostalCode" classname="se.skillytaire.belastingdienst.ee.entity.AdresTest" time="0.016"/>
  <testcase name="setPostalCode" classname="se.skillytaire.belastingdienst.ee.entity.AdresTest" time="0"/>
  <testcase name="setPostalCode" classname="se.skillytaire.belastingdienst.ee.entity.AdresTest" time="0.078"/>
  <testcase name="setPostalCode" classname="se.skillytaire.belastingdienst.ee.entity.AdresTest" time="0"/>
  <testcase name="getCountry" classname="se.skillytaire.belastingdienst.ee.entity.AdresTest" time="0"/>
  <testcase name="getCountry" classname="se.skillytaire.belastingdienst.ee.entity.AdresTest" time="0"/>
  <testcase name="getCountry" classname="se.skillytaire.belastingdienst.ee.entity.AdresTest" time="0"/>
  <testcase name="getCountry" classname="se.skillytaire.belastingdienst.ee.entity.AdresTest" time="0"/>
  <testcase name="getCountry" classname="se.skillytaire.belastingdienst.ee.entity.AdresTest" time="0"/>
  <testcase name="getCountry" classname="se.skillytaire.belastingdienst.ee.entity.AdresTest" time="0.016"/>
  <testcase name="getCountry" classname="se.skillytaire.belastingdienst.ee.entity.AdresTest" time="0.031"/>
  <testcase name="getCountry" classname="se.skillytaire.belastingdienst.ee.entity.AdresTest" time="0"/>
  <testcase name="setCountry" classname="se.skillytaire.belastingdienst.ee.entity.AdresTest" time="0.016"/>
  <testcase name="setCountry" classname="se.skillytaire.belastingdienst.ee.entity.AdresTest" time="0"/>
  <testcase name="setCountry" classname="se.skillytaire.belastingdienst.ee.entity.AdresTest" time="0.015"/>
  <testcase name="setCountry" classname="se.skillytaire.belastingdienst.ee.entity.AdresTest" time="0.016"/>
  <testcase name="setCountry" classname="se.skillytaire.belastingdienst.ee.entity.AdresTest" time="0"/>
  <testcase name="setCountry" classname="se.skillytaire.belastingdienst.ee.entity.AdresTest" time="0"/>
  <testcase name="setCountry" classname="se.skillytaire.belastingdienst.ee.entity.AdresTest" time="0.031"/>
  <testcase name="setCountry" classname="se.skillytaire.belastingdienst.ee.entity.AdresTest" time="0.015"/>
  <testcase name="getGpsCoordinaat" classname="se.skillytaire.belastingdienst.ee.entity.AdresTest" time="0"/>
  <testcase name="getGpsCoordinaat" classname="se.skillytaire.belastingdienst.ee.entity.AdresTest" time="0"/>
  <testcase name="getGpsCoordinaat" classname="se.skillytaire.belastingdienst.ee.entity.AdresTest" time="0.016"/>
  <testcase name="getGpsCoordinaat" classname="se.skillytaire.belastingdienst.ee.entity.AdresTest" time="0"/>
  <testcase name="getGpsCoordinaat" classname="se.skillytaire.belastingdienst.ee.entity.AdresTest" time="0.015"/>
  <testcase name="getGpsCoordinaat" classname="se.skillytaire.belastingdienst.ee.entity.AdresTest" time="0"/>
  <testcase name="getGpsCoordinaat" classname="se.skillytaire.belastingdienst.ee.entity.AdresTest" time="0"/>
  <testcase name="getGpsCoordinaat" classname="se.skillytaire.belastingdienst.ee.entity.AdresTest" time="0"/>
  <testcase name="getOid" classname="se.skillytaire.belastingdienst.ee.entity.AdresTest" time="0"/>
  <testcase name="getOid" classname="se.skillytaire.belastingdienst.ee.entity.AdresTest" time="0"/>
  <testcase name="getOid" classname="se.skillytaire.belastingdienst.ee.entity.AdresTest" time="0"/>
  <testcase name="getOid" classname="se.skillytaire.belastingdienst.ee.entity.AdresTest" time="0"/>
  <testcase name="getOid" classname="se.skillytaire.belastingdienst.ee.entity.AdresTest" time="0"/>
  <testcase name="getOid" classname="se.skillytaire.belastingdienst.ee.entity.AdresTest" time="0.015"/>
  <testcase name="getOid" classname="se.skillytaire.belastingdienst.ee.entity.AdresTest" time="0"/>
  <testcase name="getOid" classname="se.skillytaire.belastingdienst.ee.entity.AdresTest" time="0"/>
  <testcase name="reflective" classname="se.skillytaire.belastingdienst.ee.entity.AdresTest" time="0"/>
  <testcase name="reflective" classname="se.skillytaire.belastingdienst.ee.entity.AdresTest" time="0"/>
  <testcase name="reflective" classname="se.skillytaire.belastingdienst.ee.entity.AdresTest" time="0"/>
  <testcase name="reflective" classname="se.skillytaire.belastingdienst.ee.entity.AdresTest" time="0"/>
  <testcase name="symmetric" classname="se.skillytaire.belastingdienst.ee.entity.AdresTest" time="0"/>
  <testcase name="symmetric" classname="se.skillytaire.belastingdienst.ee.entity.AdresTest" time="0.015"/>
  <testcase name="symmetric" classname="se.skillytaire.belastingdienst.ee.entity.AdresTest" time="0"/>
  <testcase name="symmetric" classname="se.skillytaire.belastingdienst.ee.entity.AdresTest" time="0"/>
  <testcase name="notSymmetric" classname="se.skillytaire.belastingdienst.ee.entity.AdresTest" time="0.015"/>
  <testcase name="notSymmetric" classname="se.skillytaire.belastingdienst.ee.entity.AdresTest" time="0"/>
  <testcase name="notSymmetric" classname="se.skillytaire.belastingdienst.ee.entity.AdresTest" time="0"/>
  <testcase name="notSymmetric" classname="se.skillytaire.belastingdienst.ee.entity.AdresTest" time="0.016"/>
  <testcase name="transitive" classname="se.skillytaire.belastingdienst.ee.entity.AdresTest" time="0.016"/>
  <testcase name="transitive" classname="se.skillytaire.belastingdienst.ee.entity.AdresTest" time="0.016"/>
  <testcase name="transitive" classname="se.skillytaire.belastingdienst.ee.entity.AdresTest" time="0.032"/>
  <testcase name="transitive" classname="se.skillytaire.belastingdienst.ee.entity.AdresTest" time="0"/>
  <testcase name="same" classname="se.skillytaire.belastingdienst.ee.entity.AdresTest" time="0.015"/>
  <testcase name="same" classname="se.skillytaire.belastingdienst.ee.entity.AdresTest" time="0"/>
  <testcase name="same" classname="se.skillytaire.belastingdienst.ee.entity.AdresTest" time="0"/>
  <testcase name="same" classname="se.skillytaire.belastingdienst.ee.entity.AdresTest" time="0.016"/>
  <testcase name="notSame" classname="se.skillytaire.belastingdienst.ee.entity.AdresTest" time="0"/>
  <testcase name="notSame" classname="se.skillytaire.belastingdienst.ee.entity.AdresTest" time="0.015"/>
  <testcase name="notSame" classname="se.skillytaire.belastingdienst.ee.entity.AdresTest" time="0.015"/>
  <testcase name="notSame" classname="se.skillytaire.belastingdienst.ee.entity.AdresTest" time="0"/>
  <testcase name="nullable" classname="se.skillytaire.belastingdienst.ee.entity.AdresTest" time="0"/>
  <testcase name="nullable" classname="se.skillytaire.belastingdienst.ee.entity.AdresTest" time="0"/>
  <testcase name="nullable" classname="se.skillytaire.belastingdienst.ee.entity.AdresTest" time="0"/>
  <testcase name="nullable" classname="se.skillytaire.belastingdienst.ee.entity.AdresTest" time="0"/>
  <testcase name="otherType" classname="se.skillytaire.belastingdienst.ee.entity.AdresTest" time="0"/>
  <testcase name="otherType" classname="se.skillytaire.belastingdienst.ee.entity.AdresTest" time="0"/>
  <testcase name="otherType" classname="se.skillytaire.belastingdienst.ee.entity.AdresTest" time="0"/>
  <testcase name="otherType" classname="se.skillytaire.belastingdienst.ee.entity.AdresTest" time="0"/>
  <testcase name="overrideHashCode" classname="se.skillytaire.belastingdienst.ee.entity.AdresTest" time="0.016"/>
  <testcase name="overrideHashCode" classname="se.skillytaire.belastingdienst.ee.entity.AdresTest" time="0"/>
  <testcase name="overrideHashCode" classname="se.skillytaire.belastingdienst.ee.entity.AdresTest" time="0"/>
  <testcase name="overrideHashCode" classname="se.skillytaire.belastingdienst.ee.entity.AdresTest" time="0"/>
  <testcase name="overrideToString" classname="se.skillytaire.belastingdienst.ee.entity.AdresTest" time="0"/>
  <testcase name="overrideToString" classname="se.skillytaire.belastingdienst.ee.entity.AdresTest" time="0"/>
  <testcase name="overrideToString" classname="se.skillytaire.belastingdienst.ee.entity.AdresTest" time="0"/>
  <testcase name="overrideToString" classname="se.skillytaire.belastingdienst.ee.entity.AdresTest" time="0"/>
  <testcase name="hashCodeEqualsContract" classname="se.skillytaire.belastingdienst.ee.entity.AdresTest" time="0"/>
  <testcase name="hashCodeEqualsContract" classname="se.skillytaire.belastingdienst.ee.entity.AdresTest" time="0.016"/>
  <testcase name="hashCodeEqualsContract" classname="se.skillytaire.belastingdienst.ee.entity.AdresTest" time="0.016"/>
  <testcase name="hashCodeEqualsContract" classname="se.skillytaire.belastingdienst.ee.entity.AdresTest" time="0.015"/>
  <testcase name="equalsCompareToContractSame" classname="se.skillytaire.belastingdienst.ee.entity.AdresTest" time="0"/>
  <testcase name="equalsCompareToContractSame" classname="se.skillytaire.belastingdienst.ee.entity.AdresTest" time="0"/>
  <testcase name="equalsCompareToContractSame" classname="se.skillytaire.belastingdienst.ee.entity.AdresTest" time="0"/>
  <testcase name="equalsCompareToContractSame" classname="se.skillytaire.belastingdienst.ee.entity.AdresTest" time="0"/>
  <testcase name="equalsCompareToContractNotSame" classname="se.skillytaire.belastingdienst.ee.entity.AdresTest" time="0"/>
  <testcase name="equalsCompareToContractNotSame" classname="se.skillytaire.belastingdienst.ee.entity.AdresTest" time="0"/>
  <testcase name="equalsCompareToContractNotSame" classname="se.skillytaire.belastingdienst.ee.entity.AdresTest" time="0"/>
  <testcase name="equalsCompareToContractNotSame" classname="se.skillytaire.belastingdienst.ee.entity.AdresTest" time="0"/>
  <testcase name="compareToNull" classname="se.skillytaire.belastingdienst.ee.entity.AdresTest" time="0"/>
  <testcase name="compareToNull" classname="se.skillytaire.belastingdienst.ee.entity.AdresTest" time="0"/>
  <testcase name="compareToNull" classname="se.skillytaire.belastingdienst.ee.entity.AdresTest" time="0"/>
  <testcase name="compareToNull" classname="se.skillytaire.belastingdienst.ee.entity.AdresTest" time="0"/>
  <testcase name="compareToSameReference" classname="se.skillytaire.belastingdienst.ee.entity.AdresTest" time="0.015"/>
  <testcase name="compareToSameReference" classname="se.skillytaire.belastingdienst.ee.entity.AdresTest" time="0"/>
  <testcase name="compareToSameReference" classname="se.skillytaire.belastingdienst.ee.entity.AdresTest" time="0"/>
  <testcase name="compareToSameReference" classname="se.skillytaire.belastingdienst.ee.entity.AdresTest" time="0"/>
  <testcase name="compareToSame" classname="se.skillytaire.belastingdienst.ee.entity.AdresTest" time="0"/>
  <testcase name="compareToSame" classname="se.skillytaire.belastingdienst.ee.entity.AdresTest" time="0"/>
  <testcase name="compareToSame" classname="se.skillytaire.belastingdienst.ee.entity.AdresTest" time="0"/>
  <testcase name="compareToSame" classname="se.skillytaire.belastingdienst.ee.entity.AdresTest" time="0"/>
  <testcase name="compareToSame" classname="se.skillytaire.belastingdienst.ee.entity.AdresTest" time="0"/>
  <testcase name="compareToSame" classname="se.skillytaire.belastingdienst.ee.entity.AdresTest" time="0.016"/>
  <testcase name="compareToSame" classname="se.skillytaire.belastingdienst.ee.entity.AdresTest" time="0"/>
  <testcase name="compareToSame" classname="se.skillytaire.belastingdienst.ee.entity.AdresTest" time="0"/>
  <testcase name="compareToNotSame" classname="se.skillytaire.belastingdienst.ee.entity.AdresTest" time="0"/>
  <testcase name="compareToNotSame" classname="se.skillytaire.belastingdienst.ee.entity.AdresTest" time="0"/>
  <testcase name="compareToNotSame" classname="se.skillytaire.belastingdienst.ee.entity.AdresTest" time="0"/>
  <testcase name="compareToNotSame" classname="se.skillytaire.belastingdienst.ee.entity.AdresTest" time="0"/>
  <testcase name="compareToNotSameSymmetric" classname="se.skillytaire.belastingdienst.ee.entity.AdresTest" time="0.016"/>
  <testcase name="compareToNotSameSymmetric" classname="se.skillytaire.belastingdienst.ee.entity.AdresTest" time="0.031"/>
  <testcase name="compareToNotSameSymmetric" classname="se.skillytaire.belastingdienst.ee.entity.AdresTest" time="0"/>
  <testcase name="compareToNotSameSymmetric" classname="se.skillytaire.belastingdienst.ee.entity.AdresTest" time="0"/>
  <testcase name="compareGreater" classname="se.skillytaire.belastingdienst.ee.entity.AdresTest" time="0"/>
  <testcase name="compareGreater" classname="se.skillytaire.belastingdienst.ee.entity.AdresTest" time="0"/>
  <testcase name="compareGreater" classname="se.skillytaire.belastingdienst.ee.entity.AdresTest" time="0.031"/>
  <testcase name="compareGreater" classname="se.skillytaire.belastingdienst.ee.entity.AdresTest" time="0.016"/>
  <testcase name="compareLess" classname="se.skillytaire.belastingdienst.ee.entity.AdresTest" time="0"/>
  <testcase name="compareLess" classname="se.skillytaire.belastingdienst.ee.entity.AdresTest" time="0"/>
  <testcase name="compareLess" classname="se.skillytaire.belastingdienst.ee.entity.AdresTest" time="0"/>
  <testcase name="compareLess" classname="se.skillytaire.belastingdienst.ee.entity.AdresTest" time="0"/>
  <testcase name="serializable" classname="se.skillytaire.belastingdienst.ee.entity.AdresTest" time="0.015"/>
  <testcase name="serialVersionUID" classname="se.skillytaire.belastingdienst.ee.entity.AdresTest" time="0"/>
  <testcase name="gpsCoordinaat equality" classname="se.skillytaire.belastingdienst.ee.entity.AdresTest" time="0.016"/>
  <testcase name="gpsCoordinaat equality" classname="se.skillytaire.belastingdienst.ee.entity.AdresTest" time="0"/>
  <testcase name="gpsCoordinaat equality" classname="se.skillytaire.belastingdienst.ee.entity.AdresTest" time="0"/>
  <testcase name="gpsCoordinaat equality" classname="se.skillytaire.belastingdienst.ee.entity.AdresTest" time="0"/>
  <testcase name="gpsCoordinaat equality" classname="se.skillytaire.belastingdienst.ee.entity.AdresTest" time="0"/>
  <testcase name="gpsCoordinaat equality" classname="se.skillytaire.belastingdienst.ee.entity.AdresTest" time="0"/>
  <testcase name="serialVersionUID equality" classname="se.skillytaire.belastingdienst.ee.entity.AdresTest" time="0"/>
  <testcase name="serialVersionUID equality" classname="se.skillytaire.belastingdienst.ee.entity.AdresTest" time="0"/>
  <testcase name="serialVersionUID equality" classname="se.skillytaire.belastingdienst.ee.entity.AdresTest" time="0"/>
  <testcase name="serialVersionUID equality" classname="se.skillytaire.belastingdienst.ee.entity.AdresTest" time="0"/>
  <testcase name="serialVersionUID equality" classname="se.skillytaire.belastingdienst.ee.entity.AdresTest" time="0"/>
  <testcase name="serialVersionUID equality" classname="se.skillytaire.belastingdienst.ee.entity.AdresTest" time="0"/>
  <testcase name="serialVersionUID equality" classname="se.skillytaire.belastingdienst.ee.entity.AdresTest" time="0"/>
  <testcase name="serialVersionUID equality" classname="se.skillytaire.belastingdienst.ee.entity.AdresTest" time="0"/>
  <testcase name="serialVersionUID equality" classname="se.skillytaire.belastingdienst.ee.entity.AdresTest" time="0"/>
  <testcase name="$jacocoData equality" classname="se.skillytaire.belastingdienst.ee.entity.AdresTest" time="0"/>
  <testcase name="$jacocoData equality" classname="se.skillytaire.belastingdienst.ee.entity.AdresTest" time="0"/>
  <testcase name="$jacocoData equality" classname="se.skillytaire.belastingdienst.ee.entity.AdresTest" time="0"/>
  <testcase name="$jacocoData equality" classname="se.skillytaire.belastingdienst.ee.entity.AdresTest" time="0"/>
  <testcase name="$jacocoData equality" classname="se.skillytaire.belastingdienst.ee.entity.AdresTest" time="0"/>
  <testcase name="$jacocoData equality" classname="se.skillytaire.belastingdienst.ee.entity.AdresTest" time="0"/>
  <testcase name="$jacocoData equality" classname="se.skillytaire.belastingdienst.ee.entity.AdresTest" time="0"/>
  <testcase name="$jacocoData equality" classname="se.skillytaire.belastingdienst.ee.entity.AdresTest" time="0"/>
  <testcase name="$jacocoData equality" classname="se.skillytaire.belastingdienst.ee.entity.AdresTest" time="0"/>
  <testcase name="$jacocoData equality" classname="se.skillytaire.belastingdienst.ee.entity.AdresTest" time="0"/>
  <testcase name="$jacocoData equality" classname="se.skillytaire.belastingdienst.ee.entity.AdresTest" time="0"/>
  <testcase name="$jacocoData equality" classname="se.skillytaire.belastingdienst.ee.entity.AdresTest" time="0"/>
  <testcase name="$jacocoData equality" classname="se.skillytaire.belastingdienst.ee.entity.AdresTest" time="0"/>
  <testcase name="$jacocoData equality" classname="se.skillytaire.belastingdienst.ee.entity.AdresTest" time="0"/>
  <testcase name="$jacocoData equality" classname="se.skillytaire.belastingdienst.ee.entity.AdresTest" time="0"/>
  <testcase name="$jacocoData equality" classname="se.skillytaire.belastingdienst.ee.entity.AdresTest" time="0"/>
  <testcase name="$jacocoData equality" classname="se.skillytaire.belastingdienst.ee.entity.AdresTest" time="0"/>
  <testcase name="$jacocoData equality" classname="se.skillytaire.belastingdienst.ee.entity.AdresTest" time="0"/>
  <testcase name="HASH_PRIME equality" classname="se.skillytaire.belastingdienst.ee.entity.AdresTest" time="0"/>
  <testcase name="HASH_PRIME equality" classname="se.skillytaire.belastingdienst.ee.entity.AdresTest" time="0"/>
  <testcase name="HASH_PRIME equality" classname="se.skillytaire.belastingdienst.ee.entity.AdresTest" time="0"/>
  <testcase name="street equality" classname="se.skillytaire.belastingdienst.ee.entity.AdresTest" time="0"/>
  <testcase name="street equality" classname="se.skillytaire.belastingdienst.ee.entity.AdresTest" time="0"/>
  <testcase name="street equality" classname="se.skillytaire.belastingdienst.ee.entity.AdresTest" time="0"/>
  <testcase name="street equality" classname="se.skillytaire.belastingdienst.ee.entity.AdresTest" time="0"/>
  <testcase name="street equality" classname="se.skillytaire.belastingdienst.ee.entity.AdresTest" time="0"/>
  <testcase name="street equality" classname="se.skillytaire.belastingdienst.ee.entity.AdresTest" time="0"/>
  <testcase name="houseNumber equality" classname="se.skillytaire.belastingdienst.ee.entity.AdresTest" time="0"/>
  <testcase name="houseNumber equality" classname="se.skillytaire.belastingdienst.ee.entity.AdresTest" time="0"/>
  <testcase name="houseNumber equality" classname="se.skillytaire.belastingdienst.ee.entity.AdresTest" time="0"/>
  <testcase name="houseNumber equality" classname="se.skillytaire.belastingdienst.ee.entity.AdresTest" time="0"/>
  <testcase name="houseNumber equality" classname="se.skillytaire.belastingdienst.ee.entity.AdresTest" time="0"/>
  <testcase name="houseNumber equality" classname="se.skillytaire.belastingdienst.ee.entity.AdresTest" time="0"/>
  <testcase name="numberSuffix equality" classname="se.skillytaire.belastingdienst.ee.entity.AdresTest" time="0"/>
  <testcase name="numberSuffix equality" classname="se.skillytaire.belastingdienst.ee.entity.AdresTest" time="0"/>
  <testcase name="numberSuffix equality" classname="se.skillytaire.belastingdienst.ee.entity.AdresTest" time="0"/>
  <testcase name="numberSuffix equality" classname="se.skillytaire.belastingdienst.ee.entity.AdresTest" time="0"/>
  <testcase name="numberSuffix equality" classname="se.skillytaire.belastingdienst.ee.entity.AdresTest" time="0"/>
  <testcase name="numberSuffix equality" classname="se.skillytaire.belastingdienst.ee.entity.AdresTest" time="0"/>
  <testcase name="city equality" classname="se.skillytaire.belastingdienst.ee.entity.AdresTest" time="0"/>
  <testcase name="city equality" classname="se.skillytaire.belastingdienst.ee.entity.AdresTest" time="0"/>
  <testcase name="city equality" classname="se.skillytaire.belastingdienst.ee.entity.AdresTest" time="0"/>
  <testcase name="city equality" classname="se.skillytaire.belastingdienst.ee.entity.AdresTest" time="0"/>
  <testcase name="city equality" classname="se.skillytaire.belastingdienst.ee.entity.AdresTest" time="0"/>
  <testcase name="city equality" classname="se.skillytaire.belastingdienst.ee.entity.AdresTest" time="0"/>
  <testcase name="state equality" classname="se.skillytaire.belastingdienst.ee.entity.AdresTest" time="0"/>
  <testcase name="state equality" classname="se.skillytaire.belastingdienst.ee.entity.AdresTest" time="0"/>
  <testcase name="state equality" classname="se.skillytaire.belastingdienst.ee.entity.AdresTest" time="0"/>
  <testcase name="state equality" classname="se.skillytaire.belastingdienst.ee.entity.AdresTest" time="0"/>
  <testcase name="state equality" classname="se.skillytaire.belastingdienst.ee.entity.AdresTest" time="0"/>
  <testcase name="state equality" classname="se.skillytaire.belastingdienst.ee.entity.AdresTest" time="0"/>
  <testcase name="postalCode equality" classname="se.skillytaire.belastingdienst.ee.entity.AdresTest" time="0"/>
  <testcase name="postalCode equality" classname="se.skillytaire.belastingdienst.ee.entity.AdresTest" time="0"/>
  <testcase name="postalCode equality" classname="se.skillytaire.belastingdienst.ee.entity.AdresTest" time="0"/>
  <testcase name="postalCode equality" classname="se.skillytaire.belastingdienst.ee.entity.AdresTest" time="0"/>
  <testcase name="postalCode equality" classname="se.skillytaire.belastingdienst.ee.entity.AdresTest" time="0"/>
  <testcase name="postalCode equality" classname="se.skillytaire.belastingdienst.ee.entity.AdresTest" time="0"/>
  <testcase name="country equality" classname="se.skillytaire.belastingdienst.ee.entity.AdresTest" time="0"/>
  <testcase name="country equality" classname="se.skillytaire.belastingdienst.ee.entity.AdresTest" time="0.016"/>
  <testcase name="country equality" classname="se.skillytaire.belastingdienst.ee.entity.AdresTest" time="0"/>
  <testcase name="country equality" classname="se.skillytaire.belastingdienst.ee.entity.AdresTest" time="0"/>
  <testcase name="country equality" classname="se.skillytaire.belastingdienst.ee.entity.AdresTest" time="0"/>
  <testcase name="country equality" classname="se.skillytaire.belastingdienst.ee.entity.AdresTest" time="0"/>
  <testcase name="oid equality" classname="se.skillytaire.belastingdienst.ee.entity.AdresTest" time="0"/>
  <testcase name="oid equality" classname="se.skillytaire.belastingdienst.ee.entity.AdresTest" time="0"/>
  <testcase name="oid equality" classname="se.skillytaire.belastingdienst.ee.entity.AdresTest" time="0"/>
  <testcase name="oid equality" classname="se.skillytaire.belastingdienst.ee.entity.AdresTest" time="0"/>
  <testcase name="oid equality" classname="se.skillytaire.belastingdienst.ee.entity.AdresTest" time="0"/>
  <testcase name="oid equality" classname="se.skillytaire.belastingdienst.ee.entity.AdresTest" time="0"/>
  <testcase name="overrideClone" classname="se.skillytaire.belastingdienst.ee.entity.AdresTest" time="0"/>
  <testcase name="copyConstructor" classname="se.skillytaire.belastingdienst.ee.entity.AdresTest" time="0"/>
  <testcase name="noArgsConstructor" classname="se.skillytaire.belastingdienst.ee.entity.AdresTest" time="0"/>
  <testcase name="Implements-Serializable" classname="se.skillytaire.belastingdienst.ee.entity.AdresTest" time="0.015"/>
  <testcase name="noArgumentConstructorValidation" classname="se.skillytaire.belastingdienst.ee.entity.AdresTest" time="0.297"/>
  <testcase name="multiplePublicConstructors" classname="se.skillytaire.belastingdienst.ee.entity.AdresTest" time="0"/>
  <testcase name="Field must have an @Id" classname="se.skillytaire.belastingdienst.ee.entity.AdresTest" time="0"/>
  <testcase name="isPersistant should return true, @ID field has been set" classname="se.skillytaire.belastingdienst.ee.entity.AdresTest" time="0.032"/>
  <testcase name="isPersistant should return false, @ID field has not been set" classname="se.skillytaire.belastingdienst.ee.entity.AdresTest" time="0"/>
  <testcase name="The same persistent entity is identical" classname="se.skillytaire.belastingdienst.ee.entity.AdresTest" time="0.015"/>
  <testcase name="A non persistent entity versus a null reference is not identical" classname="se.skillytaire.belastingdienst.ee.entity.AdresTest" time="0.016"/>
  <testcase name="A persistent entity versus non persistant object is not identical" classname="se.skillytaire.belastingdienst.ee.entity.AdresTest" time="0"/>
  <testcase name="A non persistent entity versus a persistant object is not identical" classname="se.skillytaire.belastingdienst.ee.entity.AdresTest" time="0.015"/>
  <testcase name="A non persistent entity versus non persistant object is not identical" classname="se.skillytaire.belastingdienst.ee.entity.AdresTest" time="0"/>
  <testcase name="Differened oids" classname="se.skillytaire.belastingdienst.ee.entity.AdresTest" time="0"/>
  <testcase name="A persistent entity versus a null reference is not identical" classname="se.skillytaire.belastingdienst.ee.entity.AdresTest" time="0.016"/>
  <testcase name="Constructor Null check" classname="se.skillytaire.belastingdienst.ee.entity.AdresTest" time="0.016"/>
  <testcase name="testPersistence" classname="se.skillytaire.belastingdienst.ee.entity.AdresTest" time="9.182">
    <error type="java.lang.NullPointerException">java.lang.NullPointerException
	at se.skillytaire.belastingdienst.ee.entity.AdresTest.testPersistence(AdresTest.java:37)
</error>
    <system-out><![CDATA[[EL Config]: metadata: 2019-04-30 15:13:14.962--ServerSession(170278393)--Thread(Thread[main,5,main])--The access type for the persistent class [class se.skillytaire.belastingdienst.ee.entity.AbstractEntity] is set to [FIELD].
[EL Config]: metadata: 2019-04-30 15:13:15.04--ServerSession(170278393)--Thread(Thread[main,5,main])--The access type for the persistent class [class se.skillytaire.belastingdienst.ee.entity.Adres] is set to [FIELD].
[EL Config]: metadata: 2019-04-30 15:13:15.056--ServerSession(170278393)--Thread(Thread[main,5,main])--The access type for the persistent class [class se.skillytaire.belastingdienst.ee.entity.GPSCoordinaat] is set to [FIELD].
[EL Config]: metadata: 2019-04-30 15:13:15.103--ServerSession(170278393)--Thread(Thread[main,5,main])--The column name for element [oid] is being defaulted to: OID.
[EL Config]: metadata: 2019-04-30 15:13:15.103--ServerSession(170278393)--Thread(Thread[main,5,main])--The alias name for the entity class [class se.skillytaire.belastingdienst.ee.entity.Adres] is being defaulted to: Adres.
[EL Config]: metadata: 2019-04-30 15:13:15.103--ServerSession(170278393)--Thread(Thread[main,5,main])--The table name for entity [class se.skillytaire.belastingdienst.ee.entity.Adres] is being defaulted to: ADRES.
[EL Config]: metadata: 2019-04-30 15:13:15.181--ServerSession(170278393)--Thread(Thread[main,5,main])--The column name for element [country] is being defaulted to: COUNTRY.
[EL Config]: metadata: 2019-04-30 15:13:15.181--ServerSession(170278393)--Thread(Thread[main,5,main])--The column name for element [city] is being defaulted to: CITY.
[EL Config]: metadata: 2019-04-30 15:13:15.181--ServerSession(170278393)--Thread(Thread[main,5,main])--The column name for element [street] is being defaulted to: STREET.
[EL Config]: metadata: 2019-04-30 15:13:15.181--ServerSession(170278393)--Thread(Thread[main,5,main])--The column name for element [postalCode] is being defaulted to: POSTALCODE.
[EL Config]: metadata: 2019-04-30 15:13:15.181--ServerSession(170278393)--Thread(Thread[main,5,main])--The column name for element [houseNumber] is being defaulted to: HOUSENUMBER.
[EL Config]: metadata: 2019-04-30 15:13:15.197--ServerSession(170278393)--Thread(Thread[main,5,main])--The column name for element [numberSuffix] is being defaulted to: NUMBERSUFFIX.
[EL Config]: metadata: 2019-04-30 15:13:15.197--ServerSession(170278393)--Thread(Thread[main,5,main])--The column name for element [state] is being defaulted to: STATE.
[EL Config]: metadata: 2019-04-30 15:13:15.197--ServerSession(170278393)--Thread(Thread[main,5,main])--The column name for element [oid] is being defaulted to: OID.
[EL Config]: metadata: 2019-04-30 15:13:15.197--ServerSession(170278393)--Thread(Thread[main,5,main])--The column name for element [latitude] is being defaulted to: LATITUDE.
[EL Config]: metadata: 2019-04-30 15:13:15.197--ServerSession(170278393)--Thread(Thread[main,5,main])--The column name for element [longtitude] is being defaulted to: LONGTITUDE.
[EL Info]: 2019-04-30 15:13:16.478--ServerSession(170278393)--Thread(Thread[main,5,main])--EclipseLink, version: Eclipse Persistence Services - 2.5.0.v20130507-3faac2b
[EL Fine]: connection: 2019-04-30 15:13:17.915--Thread(Thread[main,5,main])--Detected database platform: org.eclipse.persistence.platform.database.HSQLPlatform
[EL Config]: connection: 2019-04-30 15:13:17.962--ServerSession(170278393)--Connection(771673426)--Thread(Thread[main,5,main])--connecting(DatabaseLogin(
	platform=>HSQLPlatform
	user name=> "sa"
	datasource URL=> "jdbc:hsqldb:mem:unit-testing-jpql"
))
[EL Config]: connection: 2019-04-30 15:13:17.962--ServerSession(170278393)--Connection(1899448875)--Thread(Thread[main,5,main])--Connected: jdbc:hsqldb:mem:unit-testing-jpql
	User: SA
	Database: HSQL Database Engine  Version: 2.4.1
	Driver: HSQL Database Engine Driver  Version: 2.4.1
[EL Info]: connection: 2019-04-30 15:13:18.165--ServerSession(170278393)--Thread(Thread[main,5,main])--file:/C:/2019-03 Full Stack EE Developer Track/workspace/Java3/se.skillytaire.belastingdienst.ee.entity/target/test-classes/_stuga login successful
[EL Fine]: sql: 2019-04-30 15:13:18.244--ServerSession(170278393)--Connection(1899448875)--Thread(Thread[main,5,main])--ALTER TABLE ADRES DROP CONSTRAINT UniqueAdresLocation
[EL Fine]: sql: 2019-04-30 15:13:18.259--ServerSession(170278393)--Thread(Thread[main,5,main])--CALL 1
[EL Warning]: 2019-04-30 15:13:18.259--ServerSession(170278393)--Thread(Thread[main,5,main])--Exception [EclipseLink-4002] (Eclipse Persistence Services - 2.5.0.v20130507-3faac2b): org.eclipse.persistence.exceptions.DatabaseException
Internal Exception: java.sql.SQLSyntaxErrorException: user lacks privilege or object not found: PUBLIC.ADRES in statement [ALTER TABLE ADRES DROP CONSTRAINT UniqueAdresLocation]
Error Code: -5501
Call: ALTER TABLE ADRES DROP CONSTRAINT UniqueAdresLocation
Query: DataModifyQuery(sql="ALTER TABLE ADRES DROP CONSTRAINT UniqueAdresLocation")
[EL Fine]: sql: 2019-04-30 15:13:18.275--ServerSession(170278393)--Connection(1899448875)--Thread(Thread[main,5,main])--DROP TABLE ADRES
[EL Fine]: sql: 2019-04-30 15:13:18.275--ServerSession(170278393)--Thread(Thread[main,5,main])--CALL 1
[EL Warning]: 2019-04-30 15:13:18.275--ServerSession(170278393)--Thread(Thread[main,5,main])--Exception [EclipseLink-4002] (Eclipse Persistence Services - 2.5.0.v20130507-3faac2b): org.eclipse.persistence.exceptions.DatabaseException
Internal Exception: java.sql.SQLSyntaxErrorException: user lacks privilege or object not found: ADRES in statement [DROP TABLE ADRES]
Error Code: -5501
Call: DROP TABLE ADRES
Query: DataModifyQuery(sql="DROP TABLE ADRES")
[EL Fine]: sql: 2019-04-30 15:13:18.275--ServerSession(170278393)--Connection(1899448875)--Thread(Thread[main,5,main])--DROP TABLE ADRES
[EL Fine]: sql: 2019-04-30 15:13:18.275--ServerSession(170278393)--Thread(Thread[main,5,main])--CALL 1
[EL Warning]: 2019-04-30 15:13:18.275--ServerSession(170278393)--Thread(Thread[main,5,main])--Exception [EclipseLink-4002] (Eclipse Persistence Services - 2.5.0.v20130507-3faac2b): org.eclipse.persistence.exceptions.DatabaseException
Internal Exception: java.sql.SQLSyntaxErrorException: user lacks privilege or object not found: ADRES in statement [DROP TABLE ADRES]
Error Code: -5501
Call: DROP TABLE ADRES
Query: DataModifyQuery(sql="DROP TABLE ADRES")
[EL Fine]: sql: 2019-04-30 15:13:18.275--ServerSession(170278393)--Connection(1899448875)--Thread(Thread[main,5,main])--DROP TABLE ADRES
[EL Fine]: sql: 2019-04-30 15:13:18.29--ServerSession(170278393)--Thread(Thread[main,5,main])--CALL 1
[EL Warning]: 2019-04-30 15:13:18.29--ServerSession(170278393)--Thread(Thread[main,5,main])--Exception [EclipseLink-4002] (Eclipse Persistence Services - 2.5.0.v20130507-3faac2b): org.eclipse.persistence.exceptions.DatabaseException
Internal Exception: java.sql.SQLSyntaxErrorException: user lacks privilege or object not found: ADRES in statement [DROP TABLE ADRES]
Error Code: -5501
Call: DROP TABLE ADRES
Query: DataModifyQuery(sql="DROP TABLE ADRES")
[EL Fine]: sql: 2019-04-30 15:13:18.29--ServerSession(170278393)--Connection(1899448875)--Thread(Thread[main,5,main])--DROP TABLE ADRES
[EL Fine]: sql: 2019-04-30 15:13:18.29--ServerSession(170278393)--Thread(Thread[main,5,main])--CALL 1
[EL Warning]: 2019-04-30 15:13:18.29--ServerSession(170278393)--Thread(Thread[main,5,main])--Exception [EclipseLink-4002] (Eclipse Persistence Services - 2.5.0.v20130507-3faac2b): org.eclipse.persistence.exceptions.DatabaseException
Internal Exception: java.sql.SQLSyntaxErrorException: user lacks privilege or object not found: ADRES in statement [DROP TABLE ADRES]
Error Code: -5501
Call: DROP TABLE ADRES
Query: DataModifyQuery(sql="DROP TABLE ADRES")
[EL Fine]: sql: 2019-04-30 15:13:18.29--ServerSession(170278393)--Connection(1899448875)--Thread(Thread[main,5,main])--DROP TABLE ADRES
[EL Fine]: sql: 2019-04-30 15:13:18.29--ServerSession(170278393)--Thread(Thread[main,5,main])--CALL 1
[EL Warning]: 2019-04-30 15:13:18.29--ServerSession(170278393)--Thread(Thread[main,5,main])--Exception [EclipseLink-4002] (Eclipse Persistence Services - 2.5.0.v20130507-3faac2b): org.eclipse.persistence.exceptions.DatabaseException
Internal Exception: java.sql.SQLSyntaxErrorException: user lacks privilege or object not found: ADRES in statement [DROP TABLE ADRES]
Error Code: -5501
Call: DROP TABLE ADRES
Query: DataModifyQuery(sql="DROP TABLE ADRES")
[EL Fine]: sql: 2019-04-30 15:13:18.29--ServerSession(170278393)--Connection(1899448875)--Thread(Thread[main,5,main])--CREATE TABLE ADRES (OID INTEGER NOT NULL, CITY VARCHAR(255), COUNTRY VARCHAR(255), HOUSENUMBER INTEGER, NUMBERSUFFIX VARCHAR(255), POSTALCODE VARCHAR(255), STATE VARCHAR(255), STREET VARCHAR(255), latitude REAL, longtitude REAL, PRIMARY KEY (OID))
[EL Fine]: sql: 2019-04-30 15:13:18.29--ServerSession(170278393)--Connection(1899448875)--Thread(Thread[main,5,main])--ALTER TABLE ADRES ADD CONSTRAINT UniqueAdresLocation UNIQUE (longtitude, latitude)
[EL Fine]: sql: 2019-04-30 15:13:18.306--ServerSession(170278393)--Connection(1899448875)--Thread(Thread[main,5,main])--CREATE TABLE SEQUENCE (SEQ_NAME VARCHAR(50) NOT NULL, SEQ_COUNT NUMERIC(38), PRIMARY KEY (SEQ_NAME))
[EL Fine]: sql: 2019-04-30 15:13:18.306--ServerSession(170278393)--Connection(1899448875)--Thread(Thread[main,5,main])--DELETE FROM SEQUENCE WHERE SEQ_NAME = SEQ_GEN
[EL Fine]: sql: 2019-04-30 15:13:18.322--ServerSession(170278393)--Connection(1899448875)--Thread(Thread[main,5,main])--SELECT * FROM SEQUENCE WHERE SEQ_NAME = SEQ_GEN
[EL Fine]: sql: 2019-04-30 15:13:18.322--ServerSession(170278393)--Connection(1899448875)--Thread(Thread[main,5,main])--INSERT INTO SEQUENCE(SEQ_NAME, SEQ_COUNT) values (SEQ_GEN, 0)
[EL Fine]: sql: 2019-04-30 15:13:18.525--ClientSession(1243880541)--Connection(1899448875)--Thread(Thread[main,5,main])--UPDATE SEQUENCE SET SEQ_COUNT = SEQ_COUNT + ? WHERE SEQ_NAME = ?
	bind => [50, SEQ_GEN]
[EL Fine]: sql: 2019-04-30 15:13:18.525--ClientSession(1243880541)--Connection(1899448875)--Thread(Thread[main,5,main])--SELECT SEQ_COUNT FROM SEQUENCE WHERE SEQ_NAME = ?
	bind => [SEQ_GEN]
]]></system-out>
  </testcase>
  <testcase name="equalsNullTest" classname="se.skillytaire.belastingdienst.ee.entity.AdresTest" time="0"/>
  <testcase name="testHash" classname="se.skillytaire.belastingdienst.ee.entity.AdresTest" time="0"/>
  <testcase name="equalsGelijkTest" classname="se.skillytaire.belastingdienst.ee.entity.AdresTest" time="0"/>
  <testcase name="equalsGelijkeRefTest" classname="se.skillytaire.belastingdienst.ee.entity.AdresTest" time="0"/>
  <testcase name="equalsOngelijkTest" classname="se.skillytaire.belastingdienst.ee.entity.AdresTest" time="0"/>
  <testcase name="fullConstructorTest" classname="se.skillytaire.belastingdienst.ee.entity.AdresTest" time="0"/>
</testsuite>